
> neuropsicologia@0.1.0 dev
> next dev

▲ Next.js 16.1.1 (Turbopack)
- Local:         http://localhost:3000
- Network:       http://192.168.0.2:3000

✓ Starting...
Attention: Next.js now collects completely anonymous telemetry regarding usage.
This information is used to shape Next.js' roadmap and prioritize features.
You can learn more, including how to opt-out if you'd not like to participate in this anonymous program, by visiting the following URL:
https://nextjs.org/telemetry

⚠ The "middleware" file convention is deprecated. Please use "proxy" instead. Learn more: https://nextjs.org/docs/messages/middleware-to-proxy
✓ Ready in 1898ms
○ Compiling /dashboard ...
Using the Sanity client without specifying an API version is deprecated. See https://www.sanity.io/help/js-client-api-version
⨯ Error: Configuration must contain `projectId`
    at module evaluation (src/sanity/lib/client.ts:3:35)
    at module evaluation (src/app/(login)/dashboard/page.tsx:2:1)
    at module evaluation (.next/dev/server/chunks/ssr/[root-of-the-server]__c9e47780._.js:2422:47)
  1 | import { createClient } from "next-sanity";
  2 |
> 3 | export const client = createClient({
    |                                   ^
  4 |   projectId: process.env.NEXT_PUBLIC_SANITY_PROJECT_ID,
  5 |   dataset: process.env.NEXT_PUBLIC_SANITY_DATASET,
  6 |   apiVersion: process.env.NEXT_PUBLIC_SANITY_API_VERSION,
⨯ Error: Configuration must contain `projectId`
    at module evaluation (src/sanity/lib/client.ts:3:35)
    at module evaluation (src/app/(login)/dashboard/page.tsx:2:1)
    at module evaluation (.next/dev/server/chunks/ssr/[root-of-the-server]__c9e47780._.js:2422:47)
  1 | import { createClient } from "next-sanity";
  2 |
> 3 | export const client = createClient({
    |                                   ^
  4 |   projectId: process.env.NEXT_PUBLIC_SANITY_PROJECT_ID,
  5 |   dataset: process.env.NEXT_PUBLIC_SANITY_DATASET,
  6 |   apiVersion: process.env.NEXT_PUBLIC_SANITY_API_VERSION, {
  page: '/dashboard'
}
 GET /dashboard 500 in 16.3s (compile: 15.9s, proxy.ts: 170ms, render: 254ms)
⨯ Error: Configuration must contain `projectId`
    at module evaluation (src/sanity/lib/client.ts:3:35)
    at module evaluation (src/app/(login)/dashboard/page.tsx:2:1)
    at module evaluation (.next/dev/server/chunks/ssr/[root-of-the-server]__c9e47780._.js:2422:47)
  1 | import { createClient } from "next-sanity";
  2 |
> 3 | export const client = createClient({
    |                                   ^
  4 |   projectId: process.env.NEXT_PUBLIC_SANITY_PROJECT_ID,
  5 |   dataset: process.env.NEXT_PUBLIC_SANITY_DATASET,
  6 |   apiVersion: process.env.NEXT_PUBLIC_SANITY_API_VERSION, {
  page: '/dashboard'
}
⨯ Error: Configuration must contain `projectId`
    at module evaluation (src/sanity/lib/client.ts:3:35)
    at module evaluation (src/app/(login)/dashboard/page.tsx:2:1)
    at module evaluation (.next/dev/server/chunks/ssr/[root-of-the-server]__c9e47780._.js:2422:47)
  1 | import { createClient } from "next-sanity";
  2 |
> 3 | export const client = createClient({
    |                                   ^
  4 |   projectId: process.env.NEXT_PUBLIC_SANITY_PROJECT_ID,
  5 |   dataset: process.env.NEXT_PUBLIC_SANITY_DATASET,
  6 |   apiVersion: process.env.NEXT_PUBLIC_SANITY_API_VERSION, {
  page: '/dashboard'
}
 GET /dashboard 500 in 1196ms (compile: 1166ms, proxy.ts: 9ms, render: 21ms)

[35m
[Clerk]:[0m You are running in keyless mode.
You can [35mclaim your keys[0m by visiting https://dashboard.clerk.com/apps/claim?token=hg5md8j6it09henkfqcccy6hp8qfnyvllfv6lyeo&return_url=http%3A%2F%2Flocalhost%3A3000%2F

 GET /test-layout 200 in 2.1s (compile: 1167ms, proxy.ts: 33ms, render: 912ms)
 POST /test-layout 200 in 43ms (compile: 11ms, proxy.ts: 12ms, render: 20ms)
 GET /test-layout 200 in 105ms (compile: 6ms, proxy.ts: 26ms, render: 73ms)
 POST /test-layout 303 in 158ms (compile: 4ms, proxy.ts: 7ms, render: 146ms)
 GET /test-layout 200 in 55ms (compile: 6ms, proxy.ts: 12ms, render: 37ms)
 GET /placeholder-avatar.jpg 404 in 931ms (compile: 808ms, render: 123ms)
 GET /test-layout 200 in 115ms (compile: 6ms, proxy.ts: 5ms, render: 104ms)
 POST /test-layout 200 in 29ms (compile: 9ms, proxy.ts: 9ms, render: 11ms)
 GET /placeholder-avatar.jpg 404 in 104ms (compile: 17ms, render: 88ms)
 GET /test-layout 200 in 78ms (compile: 5ms, proxy.ts: 11ms, render: 63ms)
 POST /test-layout 303 in 150ms (compile: 16ms, proxy.ts: 25ms, render: 109ms)
 GET /test-layout 200 in 38ms (compile: 5ms, proxy.ts: 10ms, render: 24ms)
 GET /dashboard/checklists 200 in 1270ms (compile: 963ms, proxy.ts: 28ms, render: 279ms)
 POST /dashboard/checklists 200 in 117ms (compile: 10ms, proxy.ts: 11ms, render: 97ms)
 GET /placeholder-avatar.jpg 404 in 138ms (compile: 28ms, render: 110ms)
 GET /dashboard/checklists 200 in 76ms (compile: 5ms, proxy.ts: 20ms, render: 52ms)
 POST /dashboard/checklists 303 in 139ms (compile: 16ms, proxy.ts: 14ms, render: 109ms)
 GET /dashboard/checklists 200 in 50ms (compile: 12ms, proxy.ts: 14ms, render: 24ms)
 GET /dashboard/checklists 200 in 111ms (compile: 4ms, proxy.ts: 5ms, render: 102ms)
 POST /dashboard/checklists 200 in 82ms (compile: 15ms, proxy.ts: 9ms, render: 58ms)
 GET /placeholder-avatar.jpg 404 in 150ms (compile: 30ms, render: 121ms)
 GET /dashboard/checklists 200 in 92ms (compile: 5ms, proxy.ts: 14ms, render: 73ms)
 POST /dashboard/checklists 303 in 202ms (compile: 32ms, proxy.ts: 20ms, render: 150ms)
 GET /dashboard/checklists 200 in 49ms (compile: 8ms, proxy.ts: 11ms, render: 30ms)
 GET /dashboard/checklists 200 in 362ms (compile: 97ms, proxy.ts: 7ms, render: 257ms)
 POST /dashboard/checklists 200 in 69ms (compile: 8ms, proxy.ts: 10ms, render: 51ms)
 GET /placeholder-avatar.jpg 404 in 105ms (compile: 17ms, render: 89ms)
 GET /dashboard/checklists 200 in 75ms (compile: 5ms, proxy.ts: 12ms, render: 58ms)
 POST /dashboard/checklists 303 in 148ms (compile: 16ms, proxy.ts: 23ms, render: 108ms)
 GET /dashboard/checklists 200 in 39ms (compile: 4ms, proxy.ts: 10ms, render: 25ms)
 GET /dashboard/checklists 200 in 143ms (compile: 4ms, proxy.ts: 5ms, render: 134ms)
 POST /dashboard/checklists 200 in 36ms (compile: 8ms, proxy.ts: 12ms, render: 17ms)
 GET /placeholder-avatar.jpg 404 in 111ms (compile: 8ms, render: 103ms)
 GET /dashboard/checklists 200 in 103ms (compile: 6ms, proxy.ts: 12ms, render: 85ms)
 POST /dashboard/checklists 303 in 171ms (compile: 19ms, proxy.ts: 18ms, render: 134ms)
 GET /dashboard/checklists 200 in 45ms (compile: 6ms, proxy.ts: 11ms, render: 29ms)
